25-11-2025 16:19:45 - Model: XGBoost
25-11-2025 16:19:45 -  - Amount_converted = 13.00 > 0.01
 - To_Bank_Country = 13.00 > 0.02
 - hour = 4.00 > 0.02
 - day_of_month = 0.12 <= 0.38
 - Amount_converted = 13.00 > 0.02
 - hour = 4.00 > 0.15
 - hour = 4.00 > 0.76
 - To_Bank_Name = 4.00 > 2.50
 - hour = 4.00 > 0.96
25-11-2025 16:19:45 - Prediction: 0, Confidence: 0.71
25-11-2025 16:19:45 - Model Prediction: 0
25-11-2025 16:19:45 - Model Confidence: 0.71
25-11-2025 16:19:45 - {'Transaction_Reference': '123123123', 'Model_Prediction': 0, 'Model_Confidence': 0.7140106, 'Transaction_Details_categorical': {'To_Bank_Name': 'Health_Network'}, 'Transaction_Details_Numerical': {'Amount_converted': 1286876.26, 'hour': 92.0, 'day_of_month': 4.6}}
25-11-2025 16:19:45 - {'Transaction_Reference': '123123123', 'Model_Prediction': 0, 'Model_Confidence': 0.7140106, 'Transaction_Details_categorical': {'To_Bank_Name': 'Health_Network'}, 'Transaction_Details_Numerical': {'Amount_converted': 1286876.26, 'hour': 92.0, 'day_of_month': 4.6}}
25-11-2025 16:20:11 - Model: XGBoost
25-11-2025 16:20:11 -  - Amount_converted = 13.00 > 0.01
 - To_Bank_Country = 13.00 > 0.02
 - hour = 4.00 > 0.02
 - day_of_month = 0.12 <= 0.38
 - Amount_converted = 13.00 > 0.02
 - hour = 4.00 > 0.15
 - hour = 4.00 > 0.76
 - To_Bank_Name = 4.00 > 2.50
 - hour = 4.00 > 0.96
25-11-2025 16:20:11 - Prediction: 0, Confidence: 0.71
25-11-2025 16:20:11 - Model Prediction: 0
25-11-2025 16:20:11 - Model Confidence: 0.71
25-11-2025 16:20:13 - {'Transaction_Reference': '123123123', 'Model_Prediction': 0, 'Model_Confidence': 0.7140106, 'Transaction_Details_categorical': {'To_Bank_Name': 'Health_Network'}, 'Transaction_Details_Numerical': {'Amount_converted': 1286876.26, 'hour': 92.0, 'day_of_month': 4.6}}
